2024-10-18T10:16:01.843752+0700 INFO User question: Nhóm máu của tôi là gì?
2024-10-18T10:16:03.392073+0700 INFO Chatbot response: status_code=200 message='success' data='Tôi sẽ sử dụng công cụ để tìm thông tin về nhóm máu của bạn. \n\nCông cụ tôi sẽ sử dụng là:\n- functions.get_patient_information\n- functions.fetch_recent_encounters\n\nTôi sẽ tiến hành truy xuất dữ liệu ngay bây giờ.'
2024-10-18T10:17:10.889702+0700 INFO User question: Tôi có thiếu máu không?
2024-10-18T10:17:12.920922+0700 INFO Chatbot response: status_code=200 message='success' data='Tôi sẽ sử dụng công cụ để tìm thông tin về tình trạng thiếu máu của bạn.\n\nCông cụ tôi sẽ sử dụng là:\n- functions.fetch_recent_encounters\n- functions.search_lab_results\n\nTôi sẽ tiến hành truy xuất dữ liệu ngay bây giờ.'
2024-10-18T10:17:34.777267+0700 INFO User question: Thiếu máu ở mức độ nào?
2024-10-18T10:17:36.284400+0700 INFO Chatbot response: status_code=200 message='success' data='Tôi sẽ sử dụng công cụ để tìm thông tin về mức độ thiếu máu của bạn.\n\nCông cụ tôi sẽ sử dụng là:\n- functions.fetch_recent_encounters\n- functions.search_lab_results\n\nTôi sẽ tiến hành truy xuất dữ liệu ngay bây giờ.'
2024-10-18T10:17:59.273061+0700 INFO User question: Tôi có đang uống thuốc điều trị thiếu máu không?
2024-10-18T10:18:01.459819+0700 INFO Chatbot response: status_code=200 message='success' data='Tôi sẽ sử dụng công cụ để tìm thông tin về việc bạn có đang uống thuốc điều trị thiếu máu hay không.\n\nCông cụ tôi sẽ sử dụng là:\n- functions.fetch_recent_encounters\n- functions.search_medicines\n\nTôi sẽ tiến hành truy xuất dữ liệu ngay bây giờ.'
2024-10-18T10:18:30.593470+0700 INFO User question: Tôi có bị tăng huyết áp không?
2024-10-18T10:18:32.059226+0700 INFO Chatbot response: status_code=200 message='success' data='Tôi sẽ sử dụng công cụ để tìm thông tin về việc bạn có bị tăng huyết áp hay không.\n\nCông cụ tôi sẽ sử dụng là:\n- functions.fetch_recent_encounters\n- functions.search_vital_signs\n\nTôi sẽ tiến hành truy xuất dữ liệu ngay bây giờ.'
2024-10-18T10:19:00.833714+0700 INFO User question: tôi có đang có dấu hiệu bị ung thư không?
2024-10-18T10:19:02.226609+0700 INFO Chatbot response: status_code=200 message='success' data='Tôi sẽ sử dụng công cụ để tìm kiếm thông tin về các dấu hiệu có thể liên quan đến ung thư.\n\nCông cụ tôi sẽ sử dụng là:\n- functions.fetch_recent_encounters\n\nTôi sẽ tiến hành truy xuất dữ liệu ngay bây giờ.'
2024-10-18T10:19:28.561057+0700 INFO User question: Khối u của tôi kích thước bao nhiêu, có ác tính không?
2024-10-18T10:19:30.611980+0700 INFO Chatbot response: status_code=200 message='success' data='Tôi sẽ sử dụng công cụ để tìm thông tin về kích thước khối u và tính chất của nó.\n\nCông cụ tôi sẽ sử dụng là:\n- functions.fetch_recent_encounters\n\nTôi sẽ tiến hành truy xuất dữ liệu ngay bây giờ.'
2024-10-18T10:19:53.857104+0700 INFO User question: Khi nào tôi cần tái khám?
2024-10-18T10:19:55.853965+0700 INFO Chatbot response: status_code=200 message='success' data='Tôi sẽ sử dụng công cụ để tìm kiếm thông tin về lịch tái khám của bạn.\n\nCông cụ tôi sẽ sử dụng là:\n- functions.fetch_recent_encounters\n\nTôi sẽ tiến hành truy xuất dữ liệu ngay bây giờ.'
2024-10-18T10:20:28.456665+0700 INFO User question: Thuốc panadol uống 1 ngày được mấy lần?
2024-10-18T10:20:30.057241+0700 INFO Chatbot response: status_code=200 message='success' data='Tôi sẽ sử dụng công cụ để tìm thông tin về liều lượng sử dụng thuốc Panadol.\n\nCông cụ tôi sẽ sử dụng là:\n- functions.search_medicines\n\nTôi sẽ tiến hành truy xuất dữ liệu ngay bây giờ.'
2024-10-18T10:20:50.512564+0700 INFO User question: Lần chạy thận trước kết quả tốt không?
2024-10-18T10:22:22.053111+0700 INFO Chatbot response: status_code=200 message='success' data='Tôi sẽ sử dụng công cụ để tìm kiếm thông tin về các kết quả chạy thận trước đây của bạn.\n\nCông cụ tôi sẽ sử dụng là:\n- functions.fetch_recent_encounters\n- functions.search_lab_results\n\nTôi sẽ tiến hành truy xuất dữ liệu ngay bây giờ.'
2024-10-18T10:22:22.054109+0700 INFO User question: 
2024-10-18T10:22:25.672016+0700 INFO Chatbot response: status_code=200 message='success' data='Có vẻ như tôi đã gặp vấn đề khi lấy thông tin do không có ID bệnh nhân được cấu hình. Để tiếp tục, tôi cần truy xuất thông tin bệnh nhân của bạn trước.\n\nTôi sẽ sử dụng công cụ sau:\n- functions.get_patient_information\n\nTôi sẽ tiến hành truy xuất dữ liệu ngay bây giờ.'
2024-10-18T10:22:25.673523+0700 INFO User question: 
2024-10-18T10:22:27.961949+0700 INFO Chatbot response: status_code=200 message='success' data='Tôi không thể lấy thông tin bệnh nhân vì không có ID bệnh nhân được cấu hình. Để tiếp tục, bạn cần cung cấp thông tin bệnh nhân hoặc tôi cần hướng dẫn bạn làm thế nào để cung cấp thông tin đó. \n\nXin vui lòng cung cấp thêm thông tin để tôi có thể hỗ trợ bạn!'
2024-10-18T10:23:41.031678+0700 INFO User question: Bệnh ung thư tuyến giáp có thể điều trịtriệt để được không?
2024-10-18T10:23:43.381104+0700 INFO Chatbot response: status_code=200 message='success' data='Để tìm hiểu thông tin về khả năng điều trị triệt để bệnh ung thư tuyến giáp, tôi sẽ sử dụng công cụ sau:\n\n- functions.fetch_recent_encounters\n- functions.search_lab_results\n\nTuy nhiên, trước tiên, tôi cần lấy thông tin bệnh nhân để đảm bảo rằng tôi có thể cung cấp thông tin phù hợp và chính xác. Tôi sẽ sử dụng:\n\n- functions.get_patient_information\n\nTôi sẽ tiến hành truy xuất dữ liệu này ngay bây giờ.'
2024-10-18T10:24:29.418206+0700 INFO User question: Căn cứ theo kết quả xét nghiệm, bệnh HIV có khả năng lây nhiễm cao không?
2024-10-18T10:24:31.395894+0700 INFO Chatbot response: status_code=200 message='success' data='Để trả lời câu hỏi về khả năng lây nhiễm của bệnh HIV dựa vào kết quả xét nghiệm, tôi sẽ sử dụng các công cụ sau:\n\n- functions.search_lab_results\n\nTôi sẽ tiến hành truy xuất dữ liệu xét nghiệm liên quan đến HIV để cung cấp thông tin chính xác cho bạn.'
2024-10-18T10:24:51.793466+0700 INFO User question: Bệnh HIV lây nhiễm qua đường gì?
2024-10-18T10:24:54.341026+0700 INFO Chatbot response: status_code=200 message='success' data='Để tìm hiểu về các con đường lây nhiễm của bệnh HIV, tôi sẽ sử dụng các công cụ sau:\n\n- functions.fetch_recent_encounters\n- functions.search_lab_results\n\nTuy nhiên, trước tiên, tôi cần lấy thông tin bệnh nhân nếu có để đảm bảo rằng tôi có thể cung cấp thông tin phù hợp và chính xác. Tôi sẽ sử dụng:\n\n- functions.get_patient_information\n\nTôi sẽ tiến hành truy xuất dữ liệu này ngay bây giờ.'
2024-10-18T10:25:36.304914+0700 INFO User question: Triệu chứng thiếu máu của tôi có nguy hiểm không?
2024-10-18T10:25:37.871971+0700 INFO Chatbot response: status_code=200 message='success' data='Để đánh giá nguy cơ của triệu chứng thiếu máu của bạn, tôi sẽ sử dụng các công cụ sau:\n\n- functions.fetch_recent_encounters\n\nTôi sẽ truy xuất dữ liệu về những lần khám gần đây của bạn để xem có thông tin nào liên quan đến triệu chứng thiếu máu không.'
2024-10-18T10:26:06.738047+0700 INFO User question: Tôi có béo phì không?
2024-10-18T10:26:09.091350+0700 INFO Chatbot response: status_code=200 message='success' data='Để xác định xem bạn có béo phì hay không, tôi sẽ sử dụng các công cụ sau:\n\n- functions.fetch_recent_encounters\n- functions.search_vital_signs\n\nTôi sẽ tiến hành truy xuất dữ liệu để tìm hiểu các chỉ số liên quan đến tình trạng béo phì của bạn.'
2024-10-18T10:26:27.194784+0700 INFO User question: tôi cần làm gì để giảm cân?
2024-10-18T10:26:29.205679+0700 INFO Chatbot response: status_code=200 message='success' data='Để tìm hiểu về tình trạng của bạn và đưa ra những gợi ý hợp lý để giảm cân, tôi sẽ sử dụng các công cụ sau:\n\n- functions.fetch_recent_encounters\n- functions.search_vital_signs\n- functions.search_medicines\n\nTôi sẽ truy xuất thông tin liên quan đến tình trạng sức khỏe của bạn và các phương pháp điều trị hiện tại.'
2024-10-18T10:26:50.922838+0700 INFO User question: tôi có đang bị gan nhiễm mỡ ko?
2024-10-18T10:26:53.178860+0700 INFO Chatbot response: status_code=200 message='success' data='Để xác định xem bạn có bị gan nhiễm mỡ hay không, tôi sẽ sử dụng các công cụ sau:\n\n- functions.fetch_recent_encounters\n- functions.search_lab_results\n\nTôi sẽ lấy thông tin về các cuộc gặp gỡ gần đây cũng như kết quả xét nghiệm có liên quan để hỗ trợ trả lời câu hỏi của bạn.'
2024-10-18T10:27:18.034031+0700 INFO User question: Khi nào tôi được xuất viện?
2024-10-18T10:27:19.409016+0700 INFO Chatbot response: status_code=200 message='success' data='Để xác định thời gian xuất viện của bạn, tôi sẽ sử dụng các công cụ sau:\n\n- functions.fetch_recent_encounters\n\nTôi sẽ truy xuất thông tin về các cuộc gặp gỡ gần đây của bạn để kiểm tra tình trạng xuất viện.'
2024-10-18T10:28:24.585448+0700 INFO User question: Liều lượng thuốc huyết áp mà bác sĩ cho như vậy là hợp lý chưa?
2024-10-18T10:28:26.334240+0700 INFO Chatbot response: status_code=200 message='success' data='Để đánh giá liệu liều lượng thuốc huyết áp mà bác sĩ đã chỉ định cho bạn có hợp lý hay không, tôi sẽ sử dụng các công cụ sau:\n\n- functions.fetch_recent_encounters\n- functions.search_medicines\n\nTôi sẽ xem xét thông tin về các cuộc gặp gỡ gần đây cũng như thông tin về thuốc mà bạn đang dùng để hỗ trợ trả lời câu hỏi của bạn.'
2024-10-18T10:29:00.121653+0700 INFO User question:  Uống những thuốc này có gây tác dụng phụ gì không?
2024-10-18T10:29:02.352327+0700 INFO Chatbot response: status_code=200 message='success' data='Để kiểm tra tác dụng phụ của các loại thuốc bạn đang dùng, tôi sẽ sử dụng các công cụ sau:\n\n- functions.fetch_recent_encounters\n- functions.search_medicines\n\nTôi sẽ tìm thông tin về thuốc mà bạn đã được kê đơn để tìm hiểu về các tác dụng phụ có thể xảy ra.'
2024-10-18T10:29:19.784352+0700 INFO User question: Tôi bị khó tiêu có phải do uống thuốc Ceftriaxone ko?
2024-10-18T10:29:21.599921+0700 INFO Chatbot response: status_code=200 message='success' data='Để xác định xem tình trạng khó tiêu của bạn có thể liên quan đến việc sử dụng thuốc Ceftriaxone hay không, tôi sẽ sử dụng các công cụ sau:\n\n- functions.fetch_recent_encounters\n- functions.search_medicines\n\nTôi sẽ xem xét thông tin về các thuốc mà bạn đã sử dụng và kiểm tra xem Ceftriaxone có được kê đơn cho bạn không để cung cấp thông tin chính xác.'
2024-10-18T10:29:43.642123+0700 INFO User question: Tôi bị tăng cân có phải do uống Gliclazide (glylazide)?
2024-10-18T10:29:48.507931+0700 INFO Chatbot response: status_code=200 message='success' data='Để xác định xem việc tăng cân của bạn có thể liên quan đến việc sử dụng thuốc Gliclazide hay không, tôi sẽ sử dụng các công cụ sau:\n\n- functions.fetch_recent_encounters\n- functions.search_medicines\n- functions.search_vital_signs\n\nTôi sẽ kiểm tra thông tin về thuốc bạn đã sử dụng và những thay đổi về cân nặng của bạn để cung cấp thông tin chính xác.'
2024-10-18T10:30:33.105857+0700 INFO User question: Tôi đang uống thuốc Thyrozol thì có phải kiêng gì không?
2024-10-18T10:30:34.727817+0700 INFO Chatbot response: status_code=200 message='success' data='Để tìm hiểu về các kiêng cử cần thiết khi bạn đang uống thuốc Thyrozol, tôi sẽ sử dụng các công cụ sau:\n\n- functions.fetch_recent_encounters\n- functions.search_medicines\n\nTôi sẽ kiểm tra thông tin về thuốc bạn đã sử dụng và bất kỳ hướng dẫn nào liên quan để cung cấp thông tin chính xác.'
2024-10-18T10:31:04.969020+0700 INFO User question: Tôi đang bịnhiễm Hp thì có cần kiêng ăn cay không?
2024-10-18T10:31:06.665900+0700 INFO Chatbot response: status_code=200 message='success' data='Để tìm hiểu xem có cần kiêng ăn cay khi bạn bị nhiễm Helicobacter pylori (Hp) hay không, tôi sẽ sử dụng các công cụ sau:\n\n- functions.fetch_recent_encounters\n- functions.search_medicines\n\nTôi sẽ kiểm tra thông tin về tình trạng sức khỏe của bạn và các hướng dẫn liên quan để cung cấp thông tin chính xác.'
2024-10-18T10:31:59.001856+0700 INFO User question: Tôi bị Hp uống thuốc 7 ngày thôi được không?
2024-10-18T10:32:01.444384+0700 INFO Chatbot response: status_code=200 message='success' data='Để tìm hiểu về liệu trình điều trị và thời gian uống thuốc khi bị nhiễm Helicobacter pylori (Hp), tôi sẽ sử dụng các công cụ sau:\n\n- functions.fetch_recent_encounters\n- functions.search_medicines\n\nTôi sẽ kiểm tra thông tin về tình trạng sức khỏe và các thuốc mà bạn đã sử dụng, từ đó có thể cung cấp thông tin chính xác hơn.'
2024-10-18T10:32:18.049601+0700 INFO User question: Tôi cần uống bao nhiêu viên sắt mỗi ngày?
2024-10-18T10:32:20.251960+0700 INFO Chatbot response: status_code=200 message='success' data='Để trả lời câu hỏi của bạn về liều lượng viên sắt cần uống mỗi ngày, tôi sẽ sử dụng các công cụ sau:\n\n- functions.fetch_recent_encounters\n- functions.search_medicines\n\nTôi sẽ kiểm tra thông tin y tế của bạn để đưa ra câu trả lời chính xác nhất.'
2024-10-18T10:32:45.488783+0700 INFO User question: Lần tiếp theo tiêm chủng là khi nào? Tiêm ngừa bệnh gì?
2024-10-18T10:32:47.283681+0700 INFO Chatbot response: status_code=200 message='success' data='Để tìm thông tin về lần tiêm chủng tiếp theo của bạn, tôi sẽ sử dụng các công cụ sau:\n\n- functions.fetch_recent_encounters\n- functions.search_medicines\n\nTôi sẽ kiểm tra lịch tiêm chủng và các loại vắc xin đã được sử dụng để cung cấp cho bạn thông tin chính xác.'
2024-10-18T10:33:08.057323+0700 INFO User question: Bệnh viêm xoang của tôi có cần phải mổ không? Khi nào nên mổ?
2024-10-18T10:33:09.857187+0700 INFO Chatbot response: status_code=200 message='success' data='Để tìm hiểu thông tin về tình trạng viêm xoang của bạn và quyết định liệu có cần phải phẫu thuật hay không, tôi sẽ sử dụng các công cụ sau:\n\n- functions.fetch_recent_encounters\n- functions.get_patient_information\n\nTôi sẽ kiểm tra thông tin y tế của bạn để đưa ra câu trả lời chính xác nhất.'
2024-10-18T10:33:30.648647+0700 INFO User question: Bệnh của tôi có di truyền không?
2024-10-18T10:33:32.733317+0700 INFO Chatbot response: status_code=200 message='success' data='Để tìm hiểu về khả năng di truyền của bệnh mà bạn đang gặp phải, tôi sẽ sử dụng các công cụ sau:\n\n- functions.fetch_recent_encounters\n- functions.get_patient_information\n\nTôi cần kiểm tra thông tin y tế của bạn để có thể cung cấp thông tin liên quan đến di truyền.'
2024-10-18T10:34:25.121298+0700 INFO User question: Trước giờ tôi không hút thuốc mà tại sao vẫn bị chẩn đoán bệnh phổi mạn tính?
2024-10-18T10:34:27.263985+0700 INFO Chatbot response: status_code=200 message='success' data='Để giúp bạn hiểu rõ về nguyên nhân và tình trạng bệnh phổi mạn tính của bạn, tôi sẽ sử dụng các công cụ sau:\n\n- functions.fetch_recent_encounters\n- functions.get_patient_information\n\nTôi sẽ kiểm tra thông tin y tế của bạn để có thể cung cấp câu trả lời chính xác.'
